current directory: /home/runner/work/r-socialsci/r-socialsci/.vendor/bundle/ruby/2.7.0/gems/racc-1.6.1/ext/racc/cparse
/opt/hostedtoolcache/Ruby/2.7.7/x64/bin/ruby -I /opt/hostedtoolcache/Ruby/2.7.7/x64/lib/ruby/2.7.0 -r ./siteconf20221212-5626-13jdpv6.rb extconf.rb
checking for rb_block_call()... yes
checking for rb_ary_subseq()... yes
creating Makefile

current directory: /home/runner/work/r-socialsci/r-socialsci/.vendor/bundle/ruby/2.7.0/gems/racc-1.6.1/ext/racc/cparse
make "DESTDIR=" clean
make[1]: Entering directory '/home/runner/work/r-socialsci/r-socialsci/.vendor/bundle/ruby/2.7.0/gems/racc-1.6.1/ext/racc/cparse'
Makefile:176: warning: overriding recipe for target 'clean'
0ñmõjU:176: warning: ignoring old recipe for target 'clean'
Makefile:183: warning: overriding recipe for target 'distclean'
0ñmõjU:183: warning: ignoring old recipe for target 'distclean'
Makefile:191: warning: overriding recipe for target 'install-so'
0ñmõjU:191: warning: ignoring old recipe for target 'install-so'
Makefile:201: warning: overriding recipe for target 'pre-install-rb-default'
0ñmõjU:201: warning: ignoring old recipe for target 'pre-install-rb-default'
Makefile:203: warning: overriding recipe for target '.sitearchdir.-.racc.time'
0ñmõjU:203: warning: ignoring old recipe for target '.sitearchdir.-.racc.time'
Makefile:213: warning: overriding recipe for target '.cc.o'
0ñmõjU:213: warning: ignoring old recipe for target '.cc.o'
Makefile:217: warning: overriding recipe for target '.cc.S'
0ñmõjU:217: warning: ignoring old recipe for target '.cc.S'
Makefile:221: warning: overriding recipe for target '.mm.o'
0ñmõjU:221: warning: ignoring old recipe for target '.mm.o'
Makefile:225: warning: overriding recipe for target '.mm.S'
0ñmõjU:225: warning: ignoring old recipe for target '.mm.S'
Makefile:229: warning: overriding recipe for target '.cxx.o'
0ñmõjU:229: warning: ignoring old recipe for target '.cxx.o'
Makefile:233: warning: overriding recipe for target '.cxx.S'
0ñmõjU:233: warning: ignoring old recipe for target '.cxx.S'
Makefile:237: warning: overriding recipe for target '.cpp.o'
0ñmõjU:237: warning: ignoring old recipe for target '.cpp.o'
Makefile:241: warning: overriding recipe for target '.cpp.S'
0ñmõjU:241: warning: ignoring old recipe for target '.cpp.S'
Makefile:245: warning: overriding recipe for target '.c.o'
0ñmõjU:245: warning: ignoring old recipe for target '.c.o'
Makefile:249: warning: overriding recipe for target '.c.S'
0ñmõjU:249: warning: ignoring old recipe for target '.c.S'
Makefile:253: warning: overriding recipe for target '.m.o'
0ñmõjU:253: warning: ignoring old recipe for target '.m.o'
Makefile:257: warning: overriding recipe for target '.m.S'
0ñmõjU:257: warning: ignoring old recipe for target '.m.S'
Makefile:261: warning: overriding recipe for target 'cparse.so'
0ñmõjU:261: warning: ignoring old recipe for target 'cparse.so'
make[1]: Leaving directory '/home/runner/work/r-socialsci/r-socialsci/.vendor/bundle/ruby/2.7.0/gems/racc-1.6.1/ext/racc/cparse'

current directory: /home/runner/work/r-socialsci/r-socialsci/.vendor/bundle/ruby/2.7.0/gems/racc-1.6.1/ext/racc/cparse
make "DESTDIR="
make[1]: Entering directory '/home/runner/work/r-socialsci/r-socialsci/.vendor/bundle/ruby/2.7.0/gems/racc-1.6.1/ext/racc/cparse'
Makefile:176: warning: overriding recipe for target 'clean'
0qØoU:176: warning: ignoring old recipe for target 'clean'
Makefile:183: warning: overriding recipe for target 'distclean'
0qØoU:183: warning: ignoring old recipe for target 'distclean'
Makefile:191: warning: overriding recipe for target 'install-so'
0qØoU:191: warning: ignoring old recipe for target 'install-so'
Makefile:201: warning: overriding recipe for target 'pre-install-rb-default'
0qØoU:201: warning: ignoring old recipe for target 'pre-install-rb-default'
Makefile:203: warning: overriding recipe for target '.sitearchdir.-.racc.time'
0qØoU:203: warning: ignoring old recipe for target '.sitearchdir.-.racc.time'
Makefile:213: warning: overriding recipe for target '.cc.o'
0qØoU:213: warning: ignoring old recipe for target '.cc.o'
Makefile:217: warning: overriding recipe for target '.cc.S'
0qØoU:217: warning: ignoring old recipe for target '.cc.S'
Makefile:221: warning: overriding recipe for target '.mm.o'
0qØoU:221: warning: ignoring old recipe for target '.mm.o'
Makefile:225: warning: overriding recipe for target '.mm.S'
0qØoU:225: warning: ignoring old recipe for target '.mm.S'
Makefile:229: warning: overriding recipe for target '.cxx.o'
0qØoU:229: warning: ignoring old recipe for target '.cxx.o'
Makefile:233: warning: overriding recipe for target '.cxx.S'
0qØoU:233: warning: ignoring old recipe for target '.cxx.S'
Makefile:237: warning: overriding recipe for target '.cpp.o'
0qØoU:237: warning: ignoring old recipe for target '.cpp.o'
Makefile:241: warning: overriding recipe for target '.cpp.S'
0qØoU:241: warning: ignoring old recipe for target '.cpp.S'
Makefile:245: warning: overriding recipe for target '.c.o'
0qØoU:245: warning: ignoring old recipe for target '.c.o'
Makefile:249: warning: overriding recipe for target '.c.S'
0qØoU:249: warning: ignoring old recipe for target '.c.S'
Makefile:253: warning: overriding recipe for target '.m.o'
0qØoU:253: warning: ignoring old recipe for target '.m.o'
Makefile:257: warning: overriding recipe for target '.m.S'
0qØoU:257: warning: ignoring old recipe for target '.m.S'
Makefile:261: warning: overriding recipe for target 'cparse.so'
0qØoU:261: warning: ignoring old recipe for target 'cparse.so'
compiling cparse.c
linking shared-object racc/cparse.so
make[1]: Leaving directory '/home/runner/work/r-socialsci/r-socialsci/.vendor/bundle/ruby/2.7.0/gems/racc-1.6.1/ext/racc/cparse'

current directory: /home/runner/work/r-socialsci/r-socialsci/.vendor/bundle/ruby/2.7.0/gems/racc-1.6.1/ext/racc/cparse
make "DESTDIR=" install
make[1]: Entering directory '/home/runner/work/r-socialsci/r-socialsci/.vendor/bundle/ruby/2.7.0/gems/racc-1.6.1/ext/racc/cparse'
Makefile:176: warning: overriding recipe for target 'clean'
0Á°=3V:176: warning: ignoring old recipe for target 'clean'
Makefile:183: warning: overriding recipe for target 'distclean'
0Á°=3V:183: warning: ignoring old recipe for target 'distclean'
Makefile:191: warning: overriding recipe for target 'install-so'
0Á°=3V:191: warning: ignoring old recipe for target 'install-so'
Makefile:201: warning: overriding recipe for target 'pre-install-rb-default'
0Á°=3V:201: warning: ignoring old recipe for target 'pre-install-rb-default'
Makefile:203: warning: overriding recipe for target '.sitearchdir.-.racc.time'
0Á°=3V:203: warning: ignoring old recipe for target '.sitearchdir.-.racc.time'
Makefile:213: warning: overriding recipe for target '.cc.o'
0Á°=3V:213: warning: ignoring old recipe for target '.cc.o'
Makefile:217: warning: overriding recipe for target '.cc.S'
0Á°=3V:217: warning: ignoring old recipe for target '.cc.S'
Makefile:221: warning: overriding recipe for target '.mm.o'
0Á°=3V:221: warning: ignoring old recipe for target '.mm.o'
Makefile:225: warning: overriding recipe for target '.mm.S'
0Á°=3V:225: warning: ignoring old recipe for target '.mm.S'
Makefile:229: warning: overriding recipe for target '.cxx.o'
0Á°=3V:229: warning: ignoring old recipe for target '.cxx.o'
Makefile:233: warning: overriding recipe for target '.cxx.S'
0Á°=3V:233: warning: ignoring old recipe for target '.cxx.S'
Makefile:237: warning: overriding recipe for target '.cpp.o'
0Á°=3V:237: warning: ignoring old recipe for target '.cpp.o'
Makefile:241: warning: overriding recipe for target '.cpp.S'
0Á°=3V:241: warning: ignoring old recipe for target '.cpp.S'
Makefile:245: warning: overriding recipe for target '.c.o'
0Á°=3V:245: warning: ignoring old recipe for target '.c.o'
Makefile:249: warning: overriding recipe for target '.c.S'
0Á°=3V:249: warning: ignoring old recipe for target '.c.S'
Makefile:253: warning: overriding recipe for target '.m.o'
0Á°=3V:253: warning: ignoring old recipe for target '.m.o'
Makefile:257: warning: overriding recipe for target '.m.S'
0Á°=3V:257: warning: ignoring old recipe for target '.m.S'
Makefile:261: warning: overriding recipe for target 'cparse.so'
0Á°=3V:261: warning: ignoring old recipe for target 'cparse.so'
/usr/bin/install -c -m 0755 cparse.so ./.gem.20221212-5626-1qc89cg/racc
make[1]: Leaving directory '/home/runner/work/r-socialsci/r-socialsci/.vendor/bundle/ruby/2.7.0/gems/racc-1.6.1/ext/racc/cparse'
